<?xml version="1.0" encoding="UTF-8"?>
<!-- Generated by org.testng.reporters.JUnitReportReporter -->
<testsuite hostname="user5" failures="0" tests="5" name="runners.MyTestRunner" time="25.457" errors="0" timestamp="2024-11-19T23:01:01 IST" skipped="0">
  <testcase classname="runners.MyTestRunner" name="runScenario" time="10.530"/>
  <testcase classname="runners.MyTestRunner" name="runScenario" time="3.506"/>
  <testcase classname="runners.MyTestRunner" name="runScenario" time="3.144"/>
  <testcase classname="runners.MyTestRunner" name="runScenario" time="6.309"/>
  <testcase classname="runners.MyTestRunner" name="runScenario" time="1.968"/>
</testsuite> <!-- runners.MyTestRunner -->
